2016-03-15 00:25:03,740 : INFO : Machine : Mission Pinball Framework v0.30.0.dev688
2016-03-15 00:25:03,740 : DEBUG : Machine : Command line arguments: {'mpfconfigfile': '/Users/gabe/pinball/mpf30/mpf/mpfconfig.yaml', 'configfile': ['config'], 'create_config_cache': True, 'no_load_cache': False, 'logfile': 'logs/2016-03-15-00-25-03-mpf-Gabriels-MacBook-Pro.local.log', 'force_platform': None, 'consoleloglevel': True, 'bcp': True, 'pause': True, 'loglevel': 10}
2016-03-15 00:25:03,740 : DEBUG : Machine : Python version: 3.5.0
2016-03-15 00:25:03,741 : DEBUG : Machine : Platform: darwin
2016-03-15 00:25:03,741 : DEBUG : Machine : Python executable location: /Applications/Kivy.app/Contents/Resources/python
2016-03-15 00:25:03,741 : DEBUG : Machine : 32-bit Python? False
2016-03-15 00:25:03,741 : DEBUG : Clock : Starting clock (maximum frames per second=60.0)
2016-03-15 00:25:03,742 : DEBUG : Clock : Scheduled a recurring clock callback (callback=<bound method MachineController._check_crash_queue of <mpf.core.machine.MachineController object at 0x10fb9d0f0>>, timeout=1, priority=1)
2016-03-15 00:25:03,742 : DEBUG : Machine : Machine path: /Users/gabe/Dropbox/Pinball/Gabe/bnd
2016-03-15 00:25:03,742 : INFO : Machine : Loading cached config: /Users/gabe/Dropbox/Pinball/Gabe/bnd/__mpfcache__/config_config.p
2016-03-15 00:25:03,759 : INFO : FAST : Configuring FAST hardware.
2016-03-15 00:25:03,759 : DEBUG : Machine : Setting default platform to 'fast'
2016-03-15 00:25:03,759 : INFO : Machine : Loading core modules...
2016-03-15 00:25:03,759 : DEBUG : Machine : Loading 'mpf.core.events.EventManager' core module
2016-03-15 00:25:03,760 : DEBUG : Machine : Loading 'mpf.core.mode_controller.ModeController' core module
2016-03-15 00:25:03,763 : DEBUG : Events : Registered ModeController._load_modes as a handler for 'init_phase_2', priority: 1, kwargs: {}
2016-03-15 00:25:03,764 : DEBUG : Events : Registered ModeController._ball_ending as a handler for 'ball_ending', priority: 0, kwargs: {}
2016-03-15 00:25:03,764 : DEBUG : Events : Registered ModeController._ball_starting as a handler for 'ball_starting', priority: 0, kwargs: {}
2016-03-15 00:25:03,764 : DEBUG : Events : Registered ModeController._player_added as a handler for 'player_add_success', priority: 0, kwargs: {}
2016-03-15 00:25:03,764 : DEBUG : Events : Registered ModeController._player_turn_start as a handler for 'player_turn_start', priority: 1000000, kwargs: {}
2016-03-15 00:25:03,765 : DEBUG : Events : Registered ModeController._player_turn_stop as a handler for 'player_turn_stop', priority: 1000000, kwargs: {}
2016-03-15 00:25:03,765 : DEBUG : Machine : Loading 'mpf.core.config_processor.ConfigProcessor' core module
2016-03-15 00:25:03,765 : DEBUG : Machine : Loading 'mpf.core.shot_profile_manager.ShotProfileManager' core module
2016-03-15 00:25:03,766 : DEBUG : ShotProfileManager : Registering Shot Profile: 'default'
2016-03-15 00:25:04,067 : DEBUG : ShotProfileManager : Processed 'default' profile configuration: {'states': [{'loops': 0, 'hold': 'True', 'reset': False, 'show': None, 'sync_ms': 0, 'blend': False, 'speed': 1.0, 'repeat': 'True', 'script': 'off', 'name': 'unlit'}, {'loops': 0, 'hold': 'True', 'reset': False, 'show': None, 'sync_ms': 0, 'blend': False, 'speed': 1.0, 'repeat': 'True', 'script': 'on', 'name': 'lit'}], 'loop': False, 'show': None, 'state_names_to_not_rotate': [], 'block': 'true', 'rotation_pattern': deque(['right']), 'show_when_disabled': 'True', 'player_variable': '%_default', 'state_names_to_rotate': []}
2016-03-15 00:25:04,067 : DEBUG : Mode Controller : Registering <bound method ShotProfileManager.mode_start_for_shots of <mpf.core.shot_profile_manager.ShotProfileManager object at 0x10fa60e80>> as a mode start method. Config section: shots, priority: 0, kwargs: {}
2016-03-15 00:25:04,067 : DEBUG : Mode Controller : Registering <bound method ShotProfileManager.mode_start_for_shot_groups of <mpf.core.shot_profile_manager.ShotProfileManager object at 0x10fa60e80>> as a mode start method. Config section: shot_groups, priority: 0, kwargs: {}
2016-03-15 00:25:04,068 : DEBUG : Events : Registered ShotProfileManager._player_turn_start as a handler for 'player_turn_start', priority: 1000000, kwargs: {}
2016-03-15 00:25:04,068 : DEBUG : Events : Registered ShotProfileManager._player_turn_stop as a handler for 'player_turn_stop', priority: 0, kwargs: {}
2016-03-15 00:25:04,068 : DEBUG : Machine : Loading 'mpf.core.device_manager.DeviceManager' core module
2016-03-15 00:25:04,068 : DEBUG : Events : Registered DeviceManager._load_device_modules as a handler for 'init_phase_1', priority: 1, kwargs: {}
2016-03-15 00:25:04,069 : DEBUG : Events : Registered DeviceManager.create_machinewide_device_control_events as a handler for 'init_phase_2', priority: 1, kwargs: {}
2016-03-15 00:25:04,069 : DEBUG : Events : Registered DeviceManager.create_collection_control_events as a handler for 'init_phase_2', priority: 1, kwargs: {}
2016-03-15 00:25:04,069 : DEBUG : Machine : Loading 'mpf.core.switch_controller.SwitchController' core module
2016-03-15 00:25:04,070 : DEBUG : Clock : Scheduled a recurring clock callback (callback=<bound method SwitchController._tick of <mpf.core.switch_controller.SwitchController object at 0x10fc66400>>, timeout=0, priority=1000)
2016-03-15 00:25:04,070 : DEBUG : Events : Registered SwitchController._initialize_switches as a handler for 'init_phase_2', priority: 1000, kwargs: {}
2016-03-15 00:25:04,070 : DEBUG : Events : Registered SwitchController.log_active_switches as a handler for 'machine_reset_phase_3', priority: 1, kwargs: {}
2016-03-15 00:25:04,070 : DEBUG : Machine : Loading 'mpf.core.ball_controller.BallController' core module
2016-03-15 00:25:04,071 : DEBUG : BallController : Loading the BallController
2016-03-15 00:25:04,071 : DEBUG : Events : Registered BallController.request_to_start_game as a handler for 'request_to_start_game', priority: 1, kwargs: {}
2016-03-15 00:25:04,071 : DEBUG : Events : Registered BallController._initialize as a handler for 'machine_reset_phase_2', priority: 1, kwargs: {}
2016-03-15 00:25:04,072 : DEBUG : Events : Registered BallController._init2 as a handler for 'init_phase_2', priority: 1, kwargs: {}
2016-03-15 00:25:04,072 : DEBUG : Machine : Loading 'mpf.core.assets.AssetManager' core module
2016-03-15 00:25:04,073 : DEBUG : Mode Controller : Registering <bound method AssetManager._load_mode_assets of <mpf.core.assets.AssetManager object at 0x10fc66a90>> as a mode start method. Config section: None, priority: 0, kwargs: {}
2016-03-15 00:25:04,073 : DEBUG : Events : Registered AssetManager._create_assets as a handler for 'init_phase_3', priority: 1, kwargs: {}
2016-03-15 00:25:04,073 : DEBUG : Events : Registered AssetManager._bcp_client_asset_load as a handler for 'assets_to_load', priority: 1, kwargs: {}
2016-03-15 00:25:04,073 : DEBUG : Machine : Loading 'mpf.core.show_controller.ShowController' core module
2016-03-15 00:25:04,075 : DEBUG : Clock : Scheduled a recurring clock callback (callback=<bound method ShowController._tick of <mpf.core.show_controller.ShowController object at 0x10fcb90f0>>, timeout=0, priority=1)
2016-03-15 00:25:04,076 : DEBUG : Events : Registered ShowController._initialize as a handler for 'init_phase_3', priority: 1, kwargs: {}
2016-03-15 00:25:04,076 : DEBUG : Machine : Loading 'mpf.core.bcp.BCP' core module
2016-03-15 00:25:04,076 : DEBUG : Events : Registered BCP.bcp_trigger as a handler for 'ball_started', priority: 1, kwargs: {'name': 'ball_started'}
2016-03-15 00:25:04,076 : DEBUG : Events : Registered BCP.bcp_trigger as a handler for 'ball_ended', priority: 1, kwargs: {'name': 'ball_ended'}
2016-03-15 00:25:04,076 : DEBUG : Events : Registered BCP.bcp_trigger as a handler for 'player_add_success', priority: 1, kwargs: {'name': 'player_add_success'}
2016-03-15 00:25:04,077 : DEBUG : Events : Registered BCP._bcp_event_callback as a handler for 'player_turn_start', priority: 1, kwargs: {'command': 'player_turn_start', 'params': {'player_num': '%number'}}
2016-03-15 00:25:04,077 : DEBUG : Events : Registered BCP._bcp_event_callback as a handler for 'slam_tilt', priority: 1, kwargs: {'command': 'slam_tilt'}
2016-03-15 00:25:04,077 : DEBUG : Events : Registered BCP._bcp_event_callback as a handler for 'tilt', priority: 1, kwargs: {'command': 'tilt'}
2016-03-15 00:25:04,077 : DEBUG : Events : Registered BCP._bcp_event_callback as a handler for 'ball_started', priority: 1, kwargs: {'command': 'ball_start', 'params': {'ball': '%ball', 'player_num': '%player'}}
2016-03-15 00:25:04,077 : DEBUG : Events : Registered BCP._bcp_event_callback as a handler for 'tilt_warning', priority: 1, kwargs: {'command': 'tilt_warning', 'params': {'warnings': '%warnings', 'warnings_remaining': '%warnings_remaining'}}
2016-03-15 00:25:04,078 : DEBUG : Events : Registered BCP._bcp_event_callback as a handler for 'ball_ending', priority: 1, kwargs: {'command': 'ball_end'}
2016-03-15 00:25:04,078 : DEBUG : Events : Registered BCP.bcp_trigger as a handler for 'player_score', priority: 1, kwargs: {'name': 'player_score'}
2016-03-15 00:25:04,078 : DEBUG : Events : Registered BCP._setup_bcp_connections as a handler for 'init_phase_2', priority: 1, kwargs: {}
2016-03-15 00:25:04,078 : DEBUG : Clock : Scheduled a recurring clock callback (callback=<bound method BCP.get_bcp_messages of <BCP Module>>, timeout=0, priority=1)
2016-03-15 00:25:04,079 : DEBUG : Events : Registered BCP.bcp_player_added as a handler for 'player_add_success', priority: 1, kwargs: {}
2016-03-15 00:25:04,079 : DEBUG : Events : Registered BCP.bcp_reset as a handler for 'machine_reset_phase_1', priority: 1, kwargs: {}
2016-03-15 00:25:04,079 : DEBUG : Events : Registered BCP.increase_volume as a handler for 'increase_volume', priority: 1, kwargs: {}
2016-03-15 00:25:04,079 : DEBUG : Events : Registered BCP.decrease_volume as a handler for 'decrease_volume', priority: 1, kwargs: {}
2016-03-15 00:25:04,080 : DEBUG : Events : Registered BCP.enable_volume_keys as a handler for 'enable_volume_keys', priority: 1, kwargs: {}
2016-03-15 00:25:04,080 : DEBUG : Events : Registered BCP.disable_volume_keys as a handler for 'disable_volume_keys', priority: 1, kwargs: {}
2016-03-15 00:25:04,080 : DEBUG : Events : Registered BCP.get_led_coordinates as a handler for 'bcp_get_led_coordinates', priority: 1, kwargs: {}
2016-03-15 00:25:04,080 : DEBUG : Mode Controller : Registering <bound method BCP.bcp_mode_start of <BCP Module>> as a mode start method. Config section: mode, priority: 0, kwargs: {}
2016-03-15 00:25:04,080 : DEBUG : Machine : Loading 'mpf.core.logic_blocks.LogicBlocks' core module
2016-03-15 00:25:04,081 : DEBUG : Mode Controller : Registering <bound method LogicBlocks._process_config of <mpf.core.logic_blocks.LogicBlocks object at 0x10fcd6c18>> as a mode start method. Config section: logic_blocks, priority: 0, kwargs: {}
2016-03-15 00:25:04,081 : DEBUG : Events : Registered LogicBlocks._create_player_logic_blocks as a handler for 'player_add_success', priority: 1, kwargs: {}
2016-03-15 00:25:04,082 : DEBUG : Events : Registered LogicBlocks.player_turn_start as a handler for 'player_turn_start', priority: 1, kwargs: {}
2016-03-15 00:25:04,082 : DEBUG : Events : Registered LogicBlocks.player_turn_stop as a handler for 'player_turn_stop', priority: 1, kwargs: {}
2016-03-15 00:25:04,082 : DEBUG : Machine : Loading 'mpf.core.scoring.ScoreController' core module
2016-03-15 00:25:04,082 : DEBUG : Score : Loading the Score Controller
2016-03-15 00:25:04,083 : DEBUG : Mode Controller : Registering <bound method ScoreController.mode_start of <mpf.core.scoring.ScoreController object at 0x10fcf1208>> as a mode start method. Config section: scoring, priority: 0, kwargs: {}
2016-03-15 00:25:04,083 : INFO : FAST : Configuring FAST Controller for FAST IO boards.
2016-03-15 00:25:04,083 : INFO : FAST : Connecting to /dev/tty.usbserial-141C at 921600bps
2016-03-15 00:25:05,584 : ERROR : root : could not open port /dev/tty.usbserial-141C: [Errno 16] Resource busy: '/dev/tty.usbserial-141C'
Traceback (most recent call last):
  File "/Applications/Kivy.app/Contents/Frameworks/python/3.5.0/lib/python3.5/site-packages/serial/serialposix.py", line 275, in open
    self.fd = os.open(self.portstr, os.O_RDWR|os.O_NOCTTY|os.O_NONBLOCK)
OSError: [Errno 16] Resource busy: '/dev/tty.usbserial-141C'

During handling of the above exception, another exception occurred:

Traceback (most recent call last):
  File "/Users/gabe/pinball/mpf30/mpf/commands/core.py", line 135, in __init__
    MachineController(mpf_path, machine_path, vars(args)).run()
  File "/Users/gabe/pinball/mpf30/mpf/core/machine.py", line 120, in __init__
    platform.initialize()
  File "/Users/gabe/pinball/mpf30/mpf/platforms/fast.py", line 284, in initialize
    self._connect_to_hardware()
  File "/Users/gabe/pinball/mpf30/mpf/platforms/fast.py", line 318, in _connect_to_hardware
    send_queue=queue.Queue(), receive_queue=self.receive_queue))
  File "/Users/gabe/pinball/mpf30/mpf/platforms/fast.py", line 1244, in __init__
    timeout=1, writeTimeout=0)
  File "/Applications/Kivy.app/Contents/Frameworks/python/3.5.0/lib/python3.5/site-packages/serial/serialutil.py", line 261, in __init__
    self.open()
  File "/Applications/Kivy.app/Contents/Frameworks/python/3.5.0/lib/python3.5/site-packages/serial/serialposix.py", line 278, in open
    raise SerialException("could not open port %s: %s" % (self._port, msg))
serial.serialutil.SerialException: could not open port /dev/tty.usbserial-141C: [Errno 16] Resource busy: '/dev/tty.usbserial-141C'
