2016-05-14 00:08:29,149 : INFO : Machine : Mission Pinball Framework Core Engine v0.30.0.dev1482
2016-05-14 00:08:29,149 : DEBUG : Machine : Command line arguments: {'no_load_cache': False, 'loglevel': 10, 'mpfconfigfile': '/Applications/MPF.app/Contents/Frameworks/python/3.5.0/lib/python3.5/site-packages/mpf/mpfconfig.yaml', 'bcp': False, 'configfile': ['config'], 'logfile': 'logs/2016-05-14-00-08-29-mpf-Gabriels-MacBook-Pro.local.log', 'create_config_cache': True, 'pause': False, 'consoleloglevel': True, 'force_platform': None}
2016-05-14 00:08:29,150 : DEBUG : Machine : MPF path: /Applications/MPF.app/Contents/Frameworks/python/3.5.0/lib/python3.5/site-packages/mpf
2016-05-14 00:08:29,150 : INFO : Machine : Machine path: /Users/gabe/Dropbox/Pinball/Gabe/bnd
2016-05-14 00:08:29,150 : DEBUG : Machine : Command line arguments: {'no_load_cache': False, 'loglevel': 10, 'mpfconfigfile': '/Applications/MPF.app/Contents/Frameworks/python/3.5.0/lib/python3.5/site-packages/mpf/mpfconfig.yaml', 'bcp': False, 'configfile': ['config'], 'logfile': 'logs/2016-05-14-00-08-29-mpf-Gabriels-MacBook-Pro.local.log', 'create_config_cache': True, 'pause': False, 'consoleloglevel': True, 'force_platform': None}
2016-05-14 00:08:29,150 : DEBUG : Machine : Python version: 3.5.0
2016-05-14 00:08:29,150 : DEBUG : Machine : Platform: darwin
2016-05-14 00:08:29,150 : DEBUG : Machine : Python executable location: /Applications/MPF.app/Contents/Resources/python
2016-05-14 00:08:29,150 : DEBUG : Machine : 32-bit Python? False
2016-05-14 00:08:29,151 : DEBUG : Machine : Machine path: /Users/gabe/Dropbox/Pinball/Gabe/bnd
2016-05-14 00:08:29,356 : INFO : Machine : Loading cached config: /var/folders/c1/z5pg47y54_s14cd2m1zmk1kc0000gn/T/db0cb78b77a969ed262a283d7c7743faconfig
2016-05-14 00:08:29,357 : DEBUG : Clock : Starting clock (maximum frames per second=30.0)
2016-05-14 00:08:29,357 : INFO : Machine : Starting clock at 30.0Hz
2016-05-14 00:08:29,357 : DEBUG : Clock : Scheduled a recurring clock callback (callback=<bound method MachineController._check_crash_queue of <mpf.core.machine.MachineController object at 0x10f2d4ef0>>, timeout=1, priority=1)
2016-05-14 00:08:29,368 : INFO : FAST : Configuring FAST hardware.
2016-05-14 00:08:29,369 : DEBUG : Pololu Maestro : Configuring template hardware interface.
2016-05-14 00:08:29,369 : DEBUG : Machine : Setting default platform to 'fast'
2016-05-14 00:08:29,370 : INFO : Machine : Loading core modules...
2016-05-14 00:08:29,370 : DEBUG : Machine : Loading 'mpf.core.events.EventManager' core module
2016-05-14 00:08:29,371 : DEBUG : Machine : Loading 'mpf.core.mode_controller.ModeController' core module
2016-05-14 00:08:29,373 : DEBUG : Events : Registered ModeController._load_modes as a handler for 'init_phase_2', priority: 1, kwargs: {}
2016-05-14 00:08:29,373 : DEBUG : Events : Registered ModeController._ball_ending as a handler for 'ball_ending', priority: 0, kwargs: {}
2016-05-14 00:08:29,373 : DEBUG : Events : Registered ModeController._ball_starting as a handler for 'ball_starting', priority: 0, kwargs: {}
2016-05-14 00:08:29,373 : DEBUG : Events : Registered ModeController._player_added as a handler for 'player_add_success', priority: 0, kwargs: {}
2016-05-14 00:08:29,373 : DEBUG : Events : Registered ModeController._player_turn_start as a handler for 'player_turn_start', priority: 1000000, kwargs: {}
2016-05-14 00:08:29,373 : DEBUG : Events : Registered ModeController._player_turn_stop as a handler for 'player_turn_stop', priority: 1000000, kwargs: {}
2016-05-14 00:08:29,373 : DEBUG : Machine : Loading 'mpf.core.config_processor.ConfigProcessor' core module
2016-05-14 00:08:29,374 : DEBUG : Machine : Loading 'mpf.core.shot_profile_manager.ShotProfileManager' core module
2016-05-14 00:08:29,374 : DEBUG : ShotProfileManager : Registering Shot Profile: 'default'
2016-05-14 00:08:29,375 : DEBUG : ShotProfileManager : Processed 'default' profile configuration: {'block': True, 'advance_on_hit': True, 'rotation_pattern': deque(['right']), 'state_names_to_not_rotate': [], 'show_when_disabled': False, 'hold': None, 'show': None, 'player_variable': '%_default', 'loop': False, 'states': [{'priority': 0, 'start_step': 1, 'action': 'play', 'name': 'unlit', 'show_tokens': {}, 'manual_advance': False, 'speed': 1.0, 'reset': True, 'hold': True, 'loops': -1, 'sync_ms': 0, 'show': 'off', 'key': None}, {'priority': 0, 'start_step': 1, 'action': 'play', 'name': 'lit', 'show_tokens': {}, 'manual_advance': False, 'speed': 1.0, 'reset': True, 'hold': True, 'loops': -1, 'sync_ms': 0, 'show': 'on', 'key': None}], 'state_names_to_rotate': []}
2016-05-14 00:08:29,375 : DEBUG : Mode Controller : Registering <bound method ShotProfileManager.mode_start_for_shots of <mpf.core.shot_profile_manager.ShotProfileManager object at 0x10f3843c8>> as a mode start method. Config section: shots, priority: 0, kwargs: {}
2016-05-14 00:08:29,375 : DEBUG : Mode Controller : Registering <bound method ShotProfileManager.mode_start_for_shot_groups of <mpf.core.shot_profile_manager.ShotProfileManager object at 0x10f3843c8>> as a mode start method. Config section: shot_groups, priority: 0, kwargs: {}
2016-05-14 00:08:29,375 : DEBUG : Events : Registered ShotProfileManager._player_turn_start as a handler for 'player_turn_start', priority: 1000000, kwargs: {}
2016-05-14 00:08:29,375 : DEBUG : Events : Registered ShotProfileManager._player_turn_stop as a handler for 'player_turn_stop', priority: 0, kwargs: {}
2016-05-14 00:08:29,376 : DEBUG : Machine : Loading 'mpf.core.device_manager.DeviceManager' core module
2016-05-14 00:08:29,376 : DEBUG : Events : Registered DeviceManager._load_device_modules as a handler for 'init_phase_1', priority: 1, kwargs: {}
2016-05-14 00:08:29,376 : DEBUG : Events : Registered DeviceManager.create_machinewide_device_control_events as a handler for 'init_phase_2', priority: 1, kwargs: {}
2016-05-14 00:08:29,376 : DEBUG : Events : Registered DeviceManager.create_collection_control_events as a handler for 'init_phase_2', priority: 1, kwargs: {}
2016-05-14 00:08:29,376 : DEBUG : Machine : Loading 'mpf.core.switch_controller.SwitchController' core module
2016-05-14 00:08:29,377 : DEBUG : Clock : Scheduled a recurring clock callback (callback=<bound method SwitchController._tick of <mpf.core.switch_controller.SwitchController object at 0x10f3846d8>>, timeout=0, priority=1000)
2016-05-14 00:08:29,377 : DEBUG : Events : Registered SwitchController._initialize_switches as a handler for 'init_phase_2', priority: 1000, kwargs: {}
2016-05-14 00:08:29,377 : DEBUG : Events : Registered SwitchController.log_active_switches as a handler for 'machine_reset_phase_3', priority: 1, kwargs: {}
2016-05-14 00:08:29,378 : DEBUG : Machine : Loading 'mpf.core.ball_controller.BallController' core module
2016-05-14 00:08:29,379 : DEBUG : BallController : Loading the BallController
2016-05-14 00:08:29,379 : DEBUG : Events : Registered BallController.request_to_start_game as a handler for 'request_to_start_game', priority: 1, kwargs: {}
2016-05-14 00:08:29,379 : DEBUG : Events : Registered BallController._initialize as a handler for 'machine_reset_phase_2', priority: 1, kwargs: {}
2016-05-14 00:08:29,379 : DEBUG : Events : Registered BallController._init2 as a handler for 'init_phase_2', priority: 1, kwargs: {}
2016-05-14 00:08:29,379 : DEBUG : Machine : Loading 'mpf.core.assets.AssetManager' core module
2016-05-14 00:08:29,380 : DEBUG : AssetManager : Initializing...
2016-05-14 00:08:29,381 : DEBUG : Mode Controller : Registering <bound method AssetManager._load_mode_assets of <mpf.core.assets.AssetManager object at 0x10f384cf8>> as a mode start method. Config section: None, priority: 0, kwargs: {}
2016-05-14 00:08:29,381 : DEBUG : Events : Registered AssetManager._create_assets as a handler for 'init_phase_3', priority: 1, kwargs: {}
2016-05-14 00:08:29,381 : DEBUG : Events : Registered AssetManager._bcp_client_asset_load as a handler for 'assets_to_load', priority: 1, kwargs: {}
2016-05-14 00:08:29,381 : DEBUG : Machine : Loading 'mpf.core.show_controller.ShowController' core module
2016-05-14 00:08:29,384 : DEBUG : Clock : Scheduled a recurring clock callback (callback=<bound method ShowController._tick of <mpf.core.show_controller.ShowController object at 0x10f38acc0>>, timeout=0, priority=1)
2016-05-14 00:08:29,385 : DEBUG : Events : Registered ShowController._initialize as a handler for 'init_phase_3', priority: 1, kwargs: {}
2016-05-14 00:08:29,385 : DEBUG : Machine : Loading 'mpf.core.bcp.BCP' core module
2016-05-14 00:08:29,385 : DEBUG : Events : Registered BCP.bcp_trigger as a handler for 'ball_started', priority: 1, kwargs: {'name': 'ball_started'}
2016-05-14 00:08:29,385 : DEBUG : Events : Registered BCP.bcp_trigger as a handler for 'ball_ended', priority: 1, kwargs: {'name': 'ball_ended'}
2016-05-14 00:08:29,385 : DEBUG : Events : Registered BCP.bcp_trigger as a handler for 'player_add_success', priority: 1, kwargs: {'name': 'player_add_success'}
2016-05-14 00:08:29,385 : DEBUG : Events : Registered BCP._bcp_event_callback as a handler for 'ball_ending', priority: 1, kwargs: {'command': 'ball_end'}
2016-05-14 00:08:29,386 : DEBUG : Events : Registered BCP._bcp_event_callback as a handler for 'clear', priority: 1, kwargs: {'command': 'trigger', 'params': {'name': 'clear', 'key': '%key'}}
2016-05-14 00:08:29,386 : DEBUG : Events : Registered BCP._bcp_event_callback as a handler for 'player_turn_start', priority: 1, kwargs: {'command': 'player_turn_start', 'params': {'player_num': '%number'}}
2016-05-14 00:08:29,386 : DEBUG : Events : Registered BCP._bcp_event_callback as a handler for 'ball_started', priority: 1, kwargs: {'command': 'ball_start', 'params': {'player_num': '%player', 'ball': '%ball'}}
2016-05-14 00:08:29,386 : DEBUG : Events : Registered BCP.bcp_trigger as a handler for 'player_score', priority: 1, kwargs: {'name': 'player_score'}
2016-05-14 00:08:29,386 : DEBUG : Events : Registered BCP._setup_dmds as a handler for 'init_phase_1', priority: 1, kwargs: {}
2016-05-14 00:08:29,386 : DEBUG : Events : Registered BCP._setup_bcp_connections as a handler for 'init_phase_2', priority: 1, kwargs: {}
2016-05-14 00:08:29,387 : DEBUG : Clock : Scheduled a recurring clock callback (callback=<bound method BCP.get_bcp_messages of <BCP Module>>, timeout=0, priority=1)
2016-05-14 00:08:29,387 : DEBUG : Events : Registered BCP.bcp_player_added as a handler for 'player_add_success', priority: 1, kwargs: {}
2016-05-14 00:08:29,387 : DEBUG : Events : Registered BCP.bcp_reset as a handler for 'machine_reset_phase_1', priority: 1, kwargs: {}
2016-05-14 00:08:29,387 : DEBUG : Events : Registered BCP.increase_volume as a handler for 'increase_volume', priority: 1, kwargs: {}
2016-05-14 00:08:29,387 : DEBUG : Events : Registered BCP.decrease_volume as a handler for 'decrease_volume', priority: 1, kwargs: {}
2016-05-14 00:08:29,387 : DEBUG : Events : Registered BCP.enable_volume_keys as a handler for 'enable_volume_keys', priority: 1, kwargs: {}
2016-05-14 00:08:29,387 : DEBUG : Events : Registered BCP.disable_volume_keys as a handler for 'disable_volume_keys', priority: 1, kwargs: {}
2016-05-14 00:08:29,388 : DEBUG : Events : Registered BCP.get_led_coordinates as a handler for 'bcp_get_led_coordinates', priority: 1, kwargs: {}
2016-05-14 00:08:29,388 : DEBUG : Mode Controller : Registering <bound method BCP.bcp_mode_start of <BCP Module>> as a mode start method. Config section: mode, priority: 0, kwargs: {}
2016-05-14 00:08:29,388 : DEBUG : Machine : Loading 'mpf.core.logic_blocks.LogicBlocks' core module
2016-05-14 00:08:29,389 : DEBUG : Mode Controller : Registering <bound method LogicBlocks._process_config of <mpf.core.logic_blocks.LogicBlocks object at 0x10f3942b0>> as a mode start method. Config section: logic_blocks, priority: 0, kwargs: {}
2016-05-14 00:08:29,389 : DEBUG : Events : Registered LogicBlocks._create_player_logic_blocks as a handler for 'player_add_success', priority: 1, kwargs: {}
2016-05-14 00:08:29,389 : DEBUG : Events : Registered LogicBlocks.player_turn_start as a handler for 'player_turn_start', priority: 1, kwargs: {}
2016-05-14 00:08:29,389 : DEBUG : Events : Registered LogicBlocks.player_turn_stop as a handler for 'player_turn_stop', priority: 1, kwargs: {}
2016-05-14 00:08:29,389 : DEBUG : Machine : Loading 'mpf.core.scoring.ScoreController' core module
2016-05-14 00:08:29,390 : DEBUG : Score : Loading the Score Controller
2016-05-14 00:08:29,390 : DEBUG : Mode Controller : Registering <bound method ScoreController.mode_start of <mpf.core.scoring.ScoreController object at 0x10f394518>> as a mode start method. Config section: scoring, priority: 0, kwargs: {}
2016-05-14 00:08:29,394 : INFO : FAST : Configuring FAST Controller for FAST IO boards.
2016-05-14 00:08:29,394 : INFO : FAST : Connecting to /dev/tty.usbserial-141C at 921600bps
2016-05-14 00:08:30,896 : DEBUG : FAST : Sending 'ID:' command to port '/dev/tty.usbserial-141C'
2016-05-14 00:08:30,911 : DEBUG : FAST : Sending 'ID:' command to port '/dev/tty.usbserial-141C'
2016-05-14 00:08:30,912 : INFO : FAST : Received ID acknowledgement. Processor: RGB, Board: FP-CPU-002-2, Firmware: 01.00
2016-05-14 00:08:30,913 : INFO : FAST : Connecting to /dev/tty.usbserial-141B at 921600bps
2016-05-14 00:08:32,414 : DEBUG : FAST : Sending 'ID:' command to port '/dev/tty.usbserial-141B'
2016-05-14 00:08:33,418 : DEBUG : FAST : Sending 'ID:' command to port '/dev/tty.usbserial-141B'
2016-05-14 00:08:34,422 : DEBUG : FAST : Sending 'ID:' command to port '/dev/tty.usbserial-141B'
2016-05-14 00:08:35,427 : DEBUG : FAST : Sending 'ID:' command to port '/dev/tty.usbserial-141B'
2016-05-14 00:08:36,429 : DEBUG : FAST : Sending 'ID:' command to port '/dev/tty.usbserial-141B'
2016-05-14 00:08:37,433 : DEBUG : FAST : Sending 'ID:' command to port '/dev/tty.usbserial-141B'
2016-05-14 00:08:37,684 : ERROR : root : read failed: [Errno 6] Device not configured
Traceback (most recent call last):
  File "/Applications/MPF.app/Contents/Frameworks/python/3.5.0/lib/python3.5/site-packages/serial/serialposix.py", line 488, in read
    buf = os.read(self.fd, size - len(read))
OSError: [Errno 6] Device not configured

During handling of the above exception, another exception occurred:

Traceback (most recent call last):
  File "/Applications/MPF.app/Contents/Frameworks/python/3.5.0/lib/python3.5/site-packages/mpf/commands/game.py", line 130, in __init__
    MachineController(mpf_path, machine_path, vars(args)).run()
  File "/Applications/MPF.app/Contents/Frameworks/python/3.5.0/lib/python3.5/site-packages/mpf/core/machine.py", line 120, in __init__
    self._initialize_platforms()
  File "/Applications/MPF.app/Contents/Frameworks/python/3.5.0/lib/python3.5/site-packages/mpf/core/machine.py", line 178, in _initialize_platforms
    platform.initialize()
  File "/Applications/MPF.app/Contents/Frameworks/python/3.5.0/lib/python3.5/site-packages/mpf/platforms/fast.py", line 273, in initialize
    self._connect_to_hardware()
  File "/Applications/MPF.app/Contents/Frameworks/python/3.5.0/lib/python3.5/site-packages/mpf/platforms/fast.py", line 313, in _connect_to_hardware
    receive_queue=self.receive_queue))
  File "/Applications/MPF.app/Contents/Frameworks/python/3.5.0/lib/python3.5/site-packages/mpf/platforms/fast.py", line 1183, in __init__
    self.identify_connection()
  File "/Applications/MPF.app/Contents/Frameworks/python/3.5.0/lib/python3.5/site-packages/mpf/platforms/fast.py", line 1202, in identify_connection
    msg = self.serial_io.readline()  # todo timeout
  File "/Applications/MPF.app/Contents/Frameworks/python/3.5.0/lib/python3.5/site-packages/serial/serialutil.py", line 495, in readinto
    data = self.read(len(b))
  File "/Applications/MPF.app/Contents/Frameworks/python/3.5.0/lib/python3.5/site-packages/serial/serialposix.py", line 505, in read
    raise SerialException('read failed: %s' % (e,))
serial.serialutil.SerialException: read failed: [Errno 6] Device not configured
