2016-05-13 17:32:28,724 : INFO : Machine : Mission Pinball Framework v0.30.0.dev887
2016-05-13 17:32:28,725 : INFO : Machine : Loading config from original files
2016-05-13 17:32:28,825 : INFO : Machine : Machine config file #1: /Users/gabe/Dropbox/Pinball/Gabe/bnd/config/config
2016-05-13 17:32:29,060 : INFO : Machine : Config file cache created: /Users/gabe/Dropbox/Pinball/Gabe/bnd/__mpfcache__/config_config.p
2016-05-13 17:32:29,075 : INFO : FAST : Configuring FAST hardware.
2016-05-13 17:32:29,076 : ERROR : root : Cannot add hardware platform pololu_maestro. This is not a valid platform name
Traceback (most recent call last):
  File "/Applications/MPF.app/Contents/Frameworks/python/3.5.0/lib/python3.5/site-packages/mpf/core/machine.py", line 486, in add_platform
    fromlist=["HardwarePlatform"])
ImportError: No module named 'mpf.platforms.pololu_maestro'

During handling of the above exception, another exception occurred:

Traceback (most recent call last):
  File "/Applications/MPF.app/Contents/Frameworks/python/3.5.0/lib/python3.5/site-packages/mpf/commands/core.py", line 133, in __init__
    MachineController(mpf_path, machine_path, vars(args)).run()
  File "/Applications/MPF.app/Contents/Frameworks/python/3.5.0/lib/python3.5/site-packages/mpf/core/machine.py", line 94, in __init__
    self._load_hardware_platforms()
  File "/Applications/MPF.app/Contents/Frameworks/python/3.5.0/lib/python3.5/site-packages/mpf/core/machine.py", line 382, in _load_hardware_platforms
    self.add_platform(platform)
  File "/Applications/MPF.app/Contents/Frameworks/python/3.5.0/lib/python3.5/site-packages/mpf/core/machine.py", line 489, in add_platform
    "not a valid platform name".format(name))
ImportError: Cannot add hardware platform pololu_maestro. This is not a valid platform name
